android/app/build/intermediates/manifest_merge_blame_file/release/manifest-merger-blame-release-report.txt
1<?xml version="1.0" encoding="utf-8"?>
2<manifest xmlns:android="http://schemas.android.com/apk/res/android"
3    package="com.mertalbum.mertalbumapp"
4    android:versionCode="1"
5    android:versionName="1.0" >
6
7    <uses-sdk
8        android:minSdkVersion="21"
8-->src/main/AndroidManifest.xml
9        android:targetSdkVersion="30" />
9-->src/main/AndroidManifest.xml
10
11    <uses-permission android:name="android.permission.INTERNET" />
11-->src/main/AndroidManifest.xml:3:3-65
11-->src/main/AndroidManifest.xml:3:20-62
12    <uses-permission android:name="android.permission.VIBRATE" />
12-->src/main/AndroidManifest.xml:4:3-64
12-->src/main/AndroidManifest.xml:4:20-61
13    <uses-permission android:name="android.permission.RECEIVE_BOOT_COMPLETED" />
13-->src/main/AndroidManifest.xml:5:3-78
13-->src/main/AndroidManifest.xml:5:20-76
14    <uses-permission android:name="android.permission.WAKE_LOCK" />
14-->[:react-native-firebase_messaging] AndroidManifest.xml:10:5-68
14-->[:react-native-firebase_messaging] AndroidManifest.xml:10:22-65
15    <uses-permission android:name="android.permission.ACCESS_NETWORK_STATE" /> <!-- Required by older versions of Google Play services to create IID tokens -->
15-->[:react-native-firebase_messaging] AndroidManifest.xml:11:5-79
15-->[:react-native-firebase_messaging] AndroidManifest.xml:11:22-76
16    <uses-permission android:name="com.google.android.c2dm.permission.RECEIVE" /> <!-- for android -->
16-->[com.google.firebase:firebase-messaging:23.0.0] AndroidManifest.xml:25:5-82
16-->[com.google.firebase:firebase-messaging:23.0.0] AndroidManifest.xml:25:22-79
17    <!-- <uses-permission android:name="com.android.launcher.permission.READ_SETTINGS"/> -->
18    <!-- <uses-permission android:name="com.android.launcher.permission.WRITE_SETTINGS"/> -->
19    <!-- <uses-permission android:name="com.android.launcher.permission.INSTALL_SHORTCUT" /> -->
20    <!-- <uses-permission android:name="com.android.launcher.permission.UNINSTALL_SHORTCUT" /> -->
21    <!-- for Samsung -->
22    <uses-permission android:name="com.sec.android.provider.badge.permission.READ" />
22-->[me.leolin:ShortcutBadger:1.1.22] AndroidManifest.xml:19:5-86
22-->[me.leolin:ShortcutBadger:1.1.22] AndroidManifest.xml:19:22-83
23    <uses-permission android:name="com.sec.android.provider.badge.permission.WRITE" /> <!-- for htc -->
23-->[me.leolin:ShortcutBadger:1.1.22] AndroidManifest.xml:20:5-87
23-->[me.leolin:ShortcutBadger:1.1.22] AndroidManifest.xml:20:22-84
24    <uses-permission android:name="com.htc.launcher.permission.READ_SETTINGS" />
24-->[me.leolin:ShortcutBadger:1.1.22] AndroidManifest.xml:23:5-81
24-->[me.leolin:ShortcutBadger:1.1.22] AndroidManifest.xml:23:22-78
25    <uses-permission android:name="com.htc.launcher.permission.UPDATE_SHORTCUT" /> <!-- for sony -->
25-->[me.leolin:ShortcutBadger:1.1.22] AndroidManifest.xml:24:5-83
25-->[me.leolin:ShortcutBadger:1.1.22] AndroidManifest.xml:24:22-80
26    <uses-permission android:name="com.sonyericsson.home.permission.BROADCAST_BADGE" />
26-->[me.leolin:ShortcutBadger:1.1.22] AndroidManifest.xml:27:5-88
26-->[me.leolin:ShortcutBadger:1.1.22] AndroidManifest.xml:27:22-85
27    <uses-permission android:name="com.sonymobile.home.permission.PROVIDER_INSERT_BADGE" /> <!-- for apex -->
27-->[me.leolin:ShortcutBadger:1.1.22] AndroidManifest.xml:28:5-92
27-->[me.leolin:ShortcutBadger:1.1.22] AndroidManifest.xml:28:22-89
28    <uses-permission android:name="com.anddoes.launcher.permission.UPDATE_COUNT" /> <!-- for solid -->
28-->[me.leolin:ShortcutBadger:1.1.22] AndroidManifest.xml:31:5-84
28-->[me.leolin:ShortcutBadger:1.1.22] AndroidManifest.xml:31:22-81
29    <uses-permission android:name="com.majeur.launcher.permission.UPDATE_BADGE" /> <!-- for huawei -->
29-->[me.leolin:ShortcutBadger:1.1.22] AndroidManifest.xml:34:5-83
29-->[me.leolin:ShortcutBadger:1.1.22] AndroidManifest.xml:34:22-80
30    <uses-permission android:name="com.huawei.android.launcher.permission.CHANGE_BADGE" />
30-->[me.leolin:ShortcutBadger:1.1.22] AndroidManifest.xml:37:5-91
30-->[me.leolin:ShortcutBadger:1.1.22] AndroidManifest.xml:37:22-88
31    <uses-permission android:name="com.huawei.android.launcher.permission.READ_SETTINGS" />
31-->[me.leolin:ShortcutBadger:1.1.22] AndroidManifest.xml:38:5-92
31-->[me.leolin:ShortcutBadger:1.1.22] AndroidManifest.xml:38:22-89
32    <uses-permission android:name="com.huawei.android.launcher.permission.WRITE_SETTINGS" /> <!-- for ZUK -->
32-->[me.leolin:ShortcutBadger:1.1.22] AndroidManifest.xml:39:5-93
32-->[me.leolin:ShortcutBadger:1.1.22] AndroidManifest.xml:39:22-90
33    <uses-permission android:name="android.permission.READ_APP_BADGE" /> <!-- for OPPO -->
33-->[me.leolin:ShortcutBadger:1.1.22] AndroidManifest.xml:42:5-73
33-->[me.leolin:ShortcutBadger:1.1.22] AndroidManifest.xml:42:22-70
34    <uses-permission android:name="com.oppo.launcher.permission.READ_SETTINGS" />
34-->[me.leolin:ShortcutBadger:1.1.22] AndroidManifest.xml:45:5-82
34-->[me.leolin:ShortcutBadger:1.1.22] AndroidManifest.xml:45:22-79
35    <uses-permission android:name="com.oppo.launcher.permission.WRITE_SETTINGS" /> <!-- for EvMe -->
35-->[me.leolin:ShortcutBadger:1.1.22] AndroidManifest.xml:46:5-83
35-->[me.leolin:ShortcutBadger:1.1.22] AndroidManifest.xml:46:22-80
36    <uses-permission android:name="me.everything.badger.permission.BADGE_COUNT_READ" />
36-->[me.leolin:ShortcutBadger:1.1.22] AndroidManifest.xml:49:5-88
36-->[me.leolin:ShortcutBadger:1.1.22] AndroidManifest.xml:49:22-85
37    <uses-permission android:name="me.everything.badger.permission.BADGE_COUNT_WRITE" />
37-->[me.leolin:ShortcutBadger:1.1.22] AndroidManifest.xml:50:5-89
37-->[me.leolin:ShortcutBadger:1.1.22] AndroidManifest.xml:50:22-86
38
39    <application
39-->src/main/AndroidManifest.xml:7:3-34:17
40        android:name="com.mertalbum.mertalbumapp.MainApplication"
40-->src/main/AndroidManifest.xml:7:16-47
41        android:allowBackup="false"
41-->src/main/AndroidManifest.xml:7:156-183
42        android:appComponentFactory="androidx.core.app.CoreComponentFactory"
42-->[androidx.core:core:1.6.0] AndroidManifest.xml:24:18-86
43        android:icon="@mipmap/ic_launcher"
43-->src/main/AndroidManifest.xml:7:81-115
44        android:label="@string/app_name"
44-->src/main/AndroidManifest.xml:7:48-80
45        android:roundIcon="@mipmap/ic_launcher"
45-->src/main/AndroidManifest.xml:7:116-155
46        android:theme="@style/AppTheme" >
46-->src/main/AndroidManifest.xml:7:184-215
47        <activity
47-->src/main/AndroidManifest.xml:8:5-13:16
48            android:name="com.mertalbum.mertalbumapp.MainActivity"
48-->src/main/AndroidManifest.xml:8:15-43
49            android:configChanges="keyboard|keyboardHidden|orientation|screenSize|uiMode"
49-->src/main/AndroidManifest.xml:8:77-154
50            android:label="@string/app_name"
50-->src/main/AndroidManifest.xml:8:44-76
51            android:launchMode="singleTask"
51-->src/main/AndroidManifest.xml:8:155-186
52            android:windowSoftInputMode="adjustResize" >
52-->src/main/AndroidManifest.xml:8:187-229
53            <intent-filter>
53-->src/main/AndroidManifest.xml:9:7-12:23
54                <action android:name="android.intent.action.MAIN" />
54-->src/main/AndroidManifest.xml:10:9-61
54-->src/main/AndroidManifest.xml:10:17-58
55
56                <category android:name="android.intent.category.LAUNCHER" />
56-->src/main/AndroidManifest.xml:11:9-69
56-->src/main/AndroidManifest.xml:11:19-66
57            </intent-filter>
58        </activity>
59
60        <meta-data
60-->src/main/AndroidManifest.xml:14:5-116
61            android:name="com.dieam.reactnativepushnotification.notification_foreground"
61-->src/main/AndroidManifest.xml:14:16-92
62            android:value="false" />
62-->src/main/AndroidManifest.xml:14:93-114
63        <!-- Change the resource name to your App's accent color - or any other color you want -->
64        <meta-data
64-->src/main/AndroidManifest.xml:16:5-121
65            android:name="com.dieam.reactnativepushnotification.notification_color"
65-->src/main/AndroidManifest.xml:16:16-87
66            android:resource="@color/white" />
66-->src/main/AndroidManifest.xml:16:88-119
67        <!-- or @android:color/{name} to use a standard color -->
68
69        <receiver android:name="com.dieam.reactnativepushnotification.modules.RNPushNotificationActions" />
69-->src/main/AndroidManifest.xml:19:5-104
69-->src/main/AndroidManifest.xml:19:15-101
70        <receiver android:name="com.dieam.reactnativepushnotification.modules.RNPushNotificationPublisher" />
70-->src/main/AndroidManifest.xml:20:5-106
70-->src/main/AndroidManifest.xml:20:15-103
71        <receiver android:name="com.dieam.reactnativepushnotification.modules.RNPushNotificationBootEventReceiver" >
71-->src/main/AndroidManifest.xml:21:5-27:16
71-->src/main/AndroidManifest.xml:21:15-111
72            <intent-filter>
72-->src/main/AndroidManifest.xml:22:7-26:23
73                <action android:name="android.intent.action.BOOT_COMPLETED" />
73-->src/main/AndroidManifest.xml:23:9-71
73-->src/main/AndroidManifest.xml:23:17-68
74                <action android:name="android.intent.action.QUICKBOOT_POWERON" />
74-->src/main/AndroidManifest.xml:24:9-74
74-->src/main/AndroidManifest.xml:24:17-71
75                <action android:name="com.htc.intent.action.QUICKBOOT_POWERON" />
75-->src/main/AndroidManifest.xml:25:9-73
75-->src/main/AndroidManifest.xml:25:17-71
76            </intent-filter>
77        </receiver>
78
79        <service
79-->src/main/AndroidManifest.xml:29:5-33:15
80            android:name="com.dieam.reactnativepushnotification.modules.RNPushNotificationListenerService"
80-->src/main/AndroidManifest.xml:29:14-108
81            android:exported="false" >
81-->src/main/AndroidManifest.xml:29:109-133
82            <intent-filter>
82-->src/main/AndroidManifest.xml:30:7-32:23
83                <action android:name="com.google.firebase.MESSAGING_EVENT" />
83-->src/main/AndroidManifest.xml:31:9-70
83-->src/main/AndroidManifest.xml:31:17-67
84            </intent-filter>
85        </service>
86        <service android:name="io.invertase.firebase.messaging.ReactNativeFirebaseMessagingHeadlessService" />
86-->[:react-native-firebase_messaging] AndroidManifest.xml:14:9-111
86-->[:react-native-firebase_messaging] AndroidManifest.xml:14:18-108
87        <service
87-->[:react-native-firebase_messaging] AndroidManifest.xml:15:9-21:19
88            android:name="io.invertase.firebase.messaging.ReactNativeFirebaseMessagingService"
88-->[:react-native-firebase_messaging] AndroidManifest.xml:16:13-95
89            android:exported="false" >
89-->[:react-native-firebase_messaging] AndroidManifest.xml:17:13-37
90            <intent-filter>
90-->src/main/AndroidManifest.xml:30:7-32:23
91                <action android:name="com.google.firebase.MESSAGING_EVENT" />
91-->src/main/AndroidManifest.xml:31:9-70
91-->src/main/AndroidManifest.xml:31:17-67
92            </intent-filter>
93        </service>
94
95        <receiver
95-->[:react-native-firebase_messaging] AndroidManifest.xml:23:9-30:20
96            android:name="io.invertase.firebase.messaging.ReactNativeFirebaseMessagingReceiver"
96-->[:react-native-firebase_messaging] AndroidManifest.xml:24:13-96
97            android:exported="true"
97-->[:react-native-firebase_messaging] AndroidManifest.xml:25:13-36
98            android:permission="com.google.android.c2dm.permission.SEND" >
98-->[:react-native-firebase_messaging] AndroidManifest.xml:26:13-73
99            <intent-filter>
99-->[:react-native-firebase_messaging] AndroidManifest.xml:27:13-29:29
100                <action android:name="com.google.android.c2dm.intent.RECEIVE" />
100-->[:react-native-firebase_messaging] AndroidManifest.xml:28:17-81
100-->[:react-native-firebase_messaging] AndroidManifest.xml:28:25-78
101            </intent-filter>
102        </receiver>
103
104        <meta-data
104-->[:react-native-firebase_messaging] AndroidManifest.xml:32:9-34:36
105            android:name="firebase_messaging_auto_init_enabled"
105-->[:react-native-firebase_messaging] AndroidManifest.xml:33:13-64
106            android:value="true" />
106-->[:react-native-firebase_messaging] AndroidManifest.xml:34:13-33
107        <meta-data
107-->[:react-native-firebase_messaging] AndroidManifest.xml:35:9-37:32
108            android:name="com.google.firebase.messaging.default_notification_channel_id"
108-->[:react-native-firebase_messaging] AndroidManifest.xml:36:13-89
109            android:value="" />
109-->[:react-native-firebase_messaging] AndroidManifest.xml:37:13-29
110        <meta-data
110-->[:react-native-firebase_messaging] AndroidManifest.xml:38:9-40:47
111            android:name="com.google.firebase.messaging.default_notification_color"
111-->[:react-native-firebase_messaging] AndroidManifest.xml:39:13-84
112            android:resource="@color/white" />
112-->[:react-native-firebase_messaging] AndroidManifest.xml:40:13-44
113
114        <receiver
114-->[com.google.firebase:firebase-messaging:23.0.0] AndroidManifest.xml:28:9-35:20
115            android:name="com.google.firebase.iid.FirebaseInstanceIdReceiver"
115-->[com.google.firebase:firebase-messaging:23.0.0] AndroidManifest.xml:29:13-78
116            android:exported="true"
116-->[com.google.firebase:firebase-messaging:23.0.0] AndroidManifest.xml:30:13-36
117            android:permission="com.google.android.c2dm.permission.SEND" >
117-->[com.google.firebase:firebase-messaging:23.0.0] AndroidManifest.xml:31:13-73
118            <intent-filter>
118-->[:react-native-firebase_messaging] AndroidManifest.xml:27:13-29:29
119                <action android:name="com.google.android.c2dm.intent.RECEIVE" />
119-->[:react-native-firebase_messaging] AndroidManifest.xml:28:17-81
119-->[:react-native-firebase_messaging] AndroidManifest.xml:28:25-78
120            </intent-filter>
121        </receiver>
122        <!--
123             FirebaseMessagingService performs security checks at runtime,
124             but set to not exported to explicitly avoid allowing another app to call it.
125        -->
126        <service
126-->[com.google.firebase:firebase-messaging:23.0.0] AndroidManifest.xml:41:9-48:19
127            android:name="com.google.firebase.messaging.FirebaseMessagingService"
127-->[com.google.firebase:firebase-messaging:23.0.0] AndroidManifest.xml:42:13-82
128            android:directBootAware="true"
128-->[com.google.firebase:firebase-messaging:23.0.0] AndroidManifest.xml:43:13-43
129            android:exported="false" >
129-->[com.google.firebase:firebase-messaging:23.0.0] AndroidManifest.xml:44:13-37
130            <intent-filter android:priority="-500" >
130-->src/main/AndroidManifest.xml:30:7-32:23
131                <action android:name="com.google.firebase.MESSAGING_EVENT" />
131-->src/main/AndroidManifest.xml:31:9-70
131-->src/main/AndroidManifest.xml:31:17-67
132            </intent-filter>
133        </service>
134        <service
134-->[com.google.firebase:firebase-messaging:23.0.0] AndroidManifest.xml:49:9-55:19
135            android:name="com.google.firebase.components.ComponentDiscoveryService"
135-->[com.google.firebase:firebase-messaging:23.0.0] AndroidManifest.xml:50:13-84
136            android:directBootAware="true"
136-->[com.google.firebase:firebase-common:20.0.0] AndroidManifest.xml:35:13-43
137            android:exported="false" >
137-->[com.google.firebase:firebase-messaging:23.0.0] AndroidManifest.xml:51:13-37
138            <meta-data
138-->[com.google.firebase:firebase-messaging:23.0.0] AndroidManifest.xml:52:13-54:85
139                android:name="com.google.firebase.components:com.google.firebase.messaging.FirebaseMessagingRegistrar"
139-->[com.google.firebase:firebase-messaging:23.0.0] AndroidManifest.xml:53:17-119
140                android:value="com.google.firebase.components.ComponentRegistrar" />
140-->[com.google.firebase:firebase-messaging:23.0.0] AndroidManifest.xml:54:17-82
141            <meta-data
141-->[com.google.firebase:firebase-datatransport:18.0.0] AndroidManifest.xml:28:13-30:85
142                android:name="com.google.firebase.components:com.google.firebase.datatransport.TransportRegistrar"
142-->[com.google.firebase:firebase-datatransport:18.0.0] AndroidManifest.xml:29:17-115
143                android:value="com.google.firebase.components.ComponentRegistrar" />
143-->[com.google.firebase:firebase-datatransport:18.0.0] AndroidManifest.xml:30:17-82
144            <meta-data
144-->[com.google.firebase:firebase-firestore:22.1.0] AndroidManifest.xml:20:13-22:85
145                android:name="com.google.firebase.components:com.google.firebase.firestore.FirestoreRegistrar"
145-->[com.google.firebase:firebase-firestore:22.1.0] AndroidManifest.xml:21:17-111
146                android:value="com.google.firebase.components.ComponentRegistrar" />
146-->[com.google.firebase:firebase-firestore:22.1.0] AndroidManifest.xml:22:17-82
147            <meta-data
147-->[com.google.firebase:firebase-installations:17.0.0] AndroidManifest.xml:18:13-20:85
148                android:name="com.google.firebase.components:com.google.firebase.installations.FirebaseInstallationsRegistrar"
148-->[com.google.firebase:firebase-installations:17.0.0] AndroidManifest.xml:19:17-127
149                android:value="com.google.firebase.components.ComponentRegistrar" />
149-->[com.google.firebase:firebase-installations:17.0.0] AndroidManifest.xml:20:17-82
150        </service>
151        <service
151-->[com.google.android.datatransport:transport-backend-cct:3.0.0] AndroidManifest.xml:29:9-35:19
152            android:name="com.google.android.datatransport.runtime.backends.TransportBackendDiscovery"
152-->[com.google.android.datatransport:transport-backend-cct:3.0.0] AndroidManifest.xml:30:13-103
153            android:exported="false" >
153-->[com.google.android.datatransport:transport-backend-cct:3.0.0] AndroidManifest.xml:31:13-37
154            <meta-data
154-->[com.google.android.datatransport:transport-backend-cct:3.0.0] AndroidManifest.xml:32:13-34:39
155                android:name="backend:com.google.android.datatransport.cct.CctBackendFactory"
155-->[com.google.android.datatransport:transport-backend-cct:3.0.0] AndroidManifest.xml:33:17-94
156                android:value="cct" />
156-->[com.google.android.datatransport:transport-backend-cct:3.0.0] AndroidManifest.xml:34:17-36
157        </service>
158        <service
158-->[com.google.android.datatransport:transport-runtime:3.0.0] AndroidManifest.xml:26:9-30:19
159            android:name="com.google.android.datatransport.runtime.scheduling.jobscheduling.JobInfoSchedulerService"
159-->[com.google.android.datatransport:transport-runtime:3.0.0] AndroidManifest.xml:27:13-117
160            android:exported="false"
160-->[com.google.android.datatransport:transport-runtime:3.0.0] AndroidManifest.xml:28:13-37
161            android:permission="android.permission.BIND_JOB_SERVICE" >
161-->[com.google.android.datatransport:transport-runtime:3.0.0] AndroidManifest.xml:29:13-69
162        </service>
163
164        <receiver
164-->[com.google.android.datatransport:transport-runtime:3.0.0] AndroidManifest.xml:32:9-34:40
165            android:name="com.google.android.datatransport.runtime.scheduling.jobscheduling.AlarmManagerSchedulerBroadcastReceiver"
165-->[com.google.android.datatransport:transport-runtime:3.0.0] AndroidManifest.xml:33:13-132
166            android:exported="false" />
166-->[com.google.android.datatransport:transport-runtime:3.0.0] AndroidManifest.xml:34:13-37
167
168        <activity
168-->[com.google.android.gms:play-services-auth:19.0.0] AndroidManifest.xml:23:9-27:75
169            android:name="com.google.android.gms.auth.api.signin.internal.SignInHubActivity"
169-->[com.google.android.gms:play-services-auth:19.0.0] AndroidManifest.xml:24:13-93
170            android:excludeFromRecents="true"
170-->[com.google.android.gms:play-services-auth:19.0.0] AndroidManifest.xml:25:13-46
171            android:exported="false"
171-->[com.google.android.gms:play-services-auth:19.0.0] AndroidManifest.xml:26:13-37
172            android:theme="@android:style/Theme.Translucent.NoTitleBar" />
172-->[com.google.android.gms:play-services-auth:19.0.0] AndroidManifest.xml:27:13-72
173        <!--
174            Service handling Google Sign-In user revocation. For apps that do not integrate with
175            Google Sign-In, this service will never be started.
176        -->
177        <service
177-->[com.google.android.gms:play-services-auth:19.0.0] AndroidManifest.xml:33:9-37:51
178            android:name="com.google.android.gms.auth.api.signin.RevocationBoundService"
178-->[com.google.android.gms:play-services-auth:19.0.0] AndroidManifest.xml:34:13-89
179            android:exported="true"
179-->[com.google.android.gms:play-services-auth:19.0.0] AndroidManifest.xml:35:13-36
180            android:permission="com.google.android.gms.auth.api.signin.permission.REVOCATION_NOTIFICATION"
180-->[com.google.android.gms:play-services-auth:19.0.0] AndroidManifest.xml:36:13-107
181            android:visibleToInstantApps="true" />
181-->[com.google.android.gms:play-services-auth:19.0.0] AndroidManifest.xml:37:13-48
182
183        <activity
183-->[com.google.android.gms:play-services-base:17.1.0] AndroidManifest.xml:23:9-26:75
184            android:name="com.google.android.gms.common.api.GoogleApiActivity"
184-->[com.google.android.gms:play-services-base:17.1.0] AndroidManifest.xml:24:13-79
185            android:exported="false"
185-->[com.google.android.gms:play-services-base:17.1.0] AndroidManifest.xml:25:13-37
186            android:theme="@android:style/Theme.Translucent.NoTitleBar" />
186-->[com.google.android.gms:play-services-base:17.1.0] AndroidManifest.xml:26:13-72
187
188        <provider
188-->[com.google.firebase:firebase-common:20.0.0] AndroidManifest.xml:26:9-31:39
189            android:name="com.google.firebase.provider.FirebaseInitProvider"
189-->[com.google.firebase:firebase-common:20.0.0] AndroidManifest.xml:27:13-77
190            android:authorities="com.mertalbum.mertalbumapp.firebaseinitprovider"
190-->[com.google.firebase:firebase-common:20.0.0] AndroidManifest.xml:28:13-72
191            android:directBootAware="true"
191-->[com.google.firebase:firebase-common:20.0.0] AndroidManifest.xml:29:13-43
192            android:exported="false"
192-->[com.google.firebase:firebase-common:20.0.0] AndroidManifest.xml:30:13-37
193            android:initOrder="100" />
193-->[com.google.firebase:firebase-common:20.0.0] AndroidManifest.xml:31:13-36
194
195        <meta-data
195-->[com.google.android.gms:play-services-basement:17.1.1] AndroidManifest.xml:23:9-25:69
196            android:name="com.google.android.gms.version"
196-->[com.google.android.gms:play-services-basement:17.1.1] AndroidManifest.xml:24:13-58
197            android:value="@integer/google_play_services_version" />
197-->[com.google.android.gms:play-services-basement:17.1.1] AndroidManifest.xml:25:13-66
198    </application>
199
200</manifest>